Loading cards from api/cache/german_cards_complete.json...
Total cards: 4834
Before: weakness=3400, retreat=3316, attacks=2119
Cards needing update: 4834
  Processed 50/4834...
  Processed 100/4834...
    [SAVED] Progress at 100
  Processed 150/4834...
  Processed 200/4834...
    [SAVED] Progress at 200
  Processed 250/4834...
  Processed 300/4834...
    [SAVED] Progress at 300
  Processed 350/4834...
  Processed 400/4834...
    [SAVED] Progress at 400
  Processed 450/4834...
  Processed 500/4834...
    [SAVED] Progress at 500
  Processed 550/4834...
  Processed 600/4834...
    [SAVED] Progress at 600
  Processed 650/4834...
  Processed 700/4834...
    [SAVED] Progress at 700
  Processed 750/4834...
  Processed 800/4834...
    [SAVED] Progress at 800
  Processed 850/4834...
  Processed 900/4834...
    [SAVED] Progress at 900
  Processed 950/4834...
  Processed 1000/4834...
    [SAVED] Progress at 1000
  Processed 1050/4834...
  Processed 1100/4834...
    [SAVED] Progress at 1100
  Processed 1150/4834...
  Processed 1200/4834...
    [SAVED] Progress at 1200
  Processed 1250/4834...
  Processed 1300/4834...
    [SAVED] Progress at 1300
  Processed 1350/4834...
  Processed 1400/4834...
    [SAVED] Progress at 1400
  Processed 1450/4834...
  Processed 1500/4834...
    [SAVED] Progress at 1500
  Processed 1550/4834...
  Processed 1600/4834...
    [SAVED] Progress at 1600
  Processed 1650/4834...
  Processed 1700/4834...
    [SAVED] Progress at 1700
  Processed 1750/4834...
  Processed 1800/4834...
    [SAVED] Progress at 1800
  Processed 1850/4834...
  Processed 1900/4834...
    [SAVED] Progress at 1900
  Processed 1950/4834...
  Processed 2000/4834...
    [SAVED] Progress at 2000
  Processed 2050/4834...
  Processed 2100/4834...
    [SAVED] Progress at 2100
  Processed 2150/4834...
  Processed 2200/4834...
    [SAVED] Progress at 2200
  Processed 2250/4834...
  Processed 2300/4834...
    [SAVED] Progress at 2300
  Processed 2350/4834...
  Processed 2400/4834...
    [SAVED] Progress at 2400
  Processed 2450/4834...
  Processed 2500/4834...
    [SAVED] Progress at 2500
  Processed 2550/4834...
  Processed 2600/4834...
    [SAVED] Progress at 2600
  Processed 2650/4834...
  Processed 2700/4834...
    [SAVED] Progress at 2700
  Processed 2750/4834...
  Processed 2800/4834...
    [SAVED] Progress at 2800
  Processed 2850/4834...
  Processed 2900/4834...
    [SAVED] Progress at 2900
  Processed 2950/4834...
  Processed 3000/4834...
    [SAVED] Progress at 3000
  Processed 3050/4834...
  Processed 3100/4834...
    [SAVED] Progress at 3100
  Processed 3150/4834...
  Processed 3200/4834...
    [SAVED] Progress at 3200
  Processed 3250/4834...
  Processed 3300/4834...
    [SAVED] Progress at 3300
  Processed 3350/4834...
  Processed 3400/4834...
    [SAVED] Progress at 3400
  Processed 3450/4834...
  Processed 3500/4834...
    [SAVED] Progress at 3500
  Processed 3550/4834...
  Processed 3600/4834...
    [SAVED] Progress at 3600
  Processed 3650/4834...
  Processed 3700/4834...
    [SAVED] Progress at 3700
  Processed 3750/4834...
  Processed 3800/4834...
    [SAVED] Progress at 3800
  Processed 3850/4834...
  Processed 3900/4834...
    [SAVED] Progress at 3900
  Processed 3950/4834...
  Processed 4000/4834...
    [SAVED] Progress at 4000
  Processed 4050/4834...
  Processed 4100/4834...
    [SAVED] Progress at 4100
  Processed 4150/4834...
  Processed 4200/4834...
    [SAVED] Progress at 4200
  Processed 4250/4834...
  Processed 4300/4834...
    [SAVED] Progress at 4300
  Processed 4350/4834...
  Processed 4400/4834...
    [SAVED] Progress at 4400
  Processed 4450/4834...
  Processed 4500/4834...
    [SAVED] Progress at 4500
  Processed 4550/4834...
  Processed 4600/4834...
    [SAVED] Progress at 4600
  Processed 4650/4834...
  Processed 4700/4834...
    [SAVED] Progress at 4700
  Processed 4750/4834...
  Processed 4800/4834...
    [SAVED] Progress at 4800

==================================================
DONE! Processed 4834 cards
After: weakness=4528, retreat=3316, attacks=4412
==================================================
